Determining if the pthread_create exist failed with the following output:
Change Dir: /home/hewhosurvives/c++/randomProjects/ros/catkin_ws/src/ardrone_command_test/CMakeFiles/CMakeTmp

Run Build Command:/usr/bin/make "cmTryCompileExec2676766510/fast"
/usr/bin/make -f CMakeFiles/cmTryCompileExec2676766510.dir/build.make CMakeFiles/cmTryCompileExec2676766510.dir/build
make[1]: Entering directory `/home/hewhosurvives/c++/randomProjects/ros/catkin_ws/src/ardrone_command_test/CMakeFiles/CMakeTmp'
/usr/bin/cmake -E cmake_progress_report /home/hewhosurvives/c++/randomProjects/ros/catkin_ws/src/ardrone_command_test/CMakeFiles/CMakeTmp/CMakeFiles 1
Building C object CMakeFiles/cmTryCompileExec2676766510.dir/CheckSymbolExists.c.o
/usr/bin/cc    -o CMakeFiles/cmTryCompileExec2676766510.dir/CheckSymbolExists.c.o   -c /home/hewhosurvives/c++/randomProjects/ros/catkin_ws/src/ardrone_command_test/CMakeFiles/CMakeTmp/CheckSymbolExists.c
Linking C executable cmTryCompileExec2676766510
/usr/bin/cmake -E cmake_link_script CMakeFiles/cmTryCompileExec2676766510.dir/link.txt --verbose=1
/usr/bin/cc       CMakeFiles/cmTryCompileExec2676766510.dir/CheckSymbolExists.c.o  -o cmTryCompileExec2676766510 -rdynamic 
CMakeFiles/cmTryCompileExec2676766510.dir/CheckSymbolExists.c.o: In function `main':
CheckSymbolExists.c:(.text+0x16): undefined reference to `pthread_create'
collect2: error: ld returned 1 exit status
make[1]: *** [cmTryCompileExec2676766510] Error 1
make[1]: Leaving directory `/home/hewhosurvives/c++/randomProjects/ros/catkin_ws/src/ardrone_command_test/CMakeFiles/CMakeTmp'
make: *** [cmTryCompileExec2676766510/fast] Error 2

File /home/hewhosurvives/c++/randomProjects/ros/catkin_ws/src/ardrone_command_test/CMakeFiles/CMakeTmp/CheckSymbolExists.c:
/* */
#include <pthread.h>

int main(int argc, char** argv)
{
  (void)argv;
#ifndef pthread_create
  return ((int*)(&pthread_create))[argc];
#else
  (void)argc;
  return 0;
#endif
}

Determining if the function pthread_create exists in the pthreads failed with the following output:
Change Dir: /home/hewhosurvives/c++/randomProjects/ros/catkin_ws/src/ardrone_command_test/CMakeFiles/CMakeTmp

Run Build Command:/usr/bin/make "cmTryCompileExec4227671783/fast"
/usr/bin/make -f CMakeFiles/cmTryCompileExec4227671783.dir/build.make CMakeFiles/cmTryCompileExec4227671783.dir/build
make[1]: Entering directory `/home/hewhosurvives/c++/randomProjects/ros/catkin_ws/src/ardrone_command_test/CMakeFiles/CMakeTmp'
/usr/bin/cmake -E cmake_progress_report /home/hewhosurvives/c++/randomProjects/ros/catkin_ws/src/ardrone_command_test/CMakeFiles/CMakeTmp/CMakeFiles 1
Building C object CMakeFiles/cmTryCompileExec4227671783.dir/CheckFunctionExists.c.o
/usr/bin/cc   -DCHECK_FUNCTION_EXISTS=pthread_create   -o CMakeFiles/cmTryCompileExec4227671783.dir/CheckFunctionExists.c.o   -c /usr/share/cmake-2.8/Modules/CheckFunctionExists.c
Linking C executable cmTryCompileExec4227671783
/usr/bin/cmake -E cmake_link_script CMakeFiles/cmTryCompileExec4227671783.dir/link.txt --verbose=1
/usr/bin/cc   -DCHECK_FUNCTION_EXISTS=pthread_create    CMakeFiles/cmTryCompileExec4227671783.dir/CheckFunctionExists.c.o  -o cmTryCompileExec4227671783 -rdynamic -lpthreads 
/usr/bin/ld: cannot find -lpthreads
collect2: error: ld returned 1 exit status
make[1]: Leaving directory `/home/hewhosurvives/c++/randomProjects/ros/catkin_ws/src/ardrone_command_test/CMakeFiles/CMakeTmp'
make[1]: *** [cmTryCompileExec4227671783] Error 1
make: *** [cmTryCompileExec4227671783/fast] Error 2


Determining if the pthread_create exist failed with the following output:
Change Dir: /home/hewhosurvives/c++/randomProjects/ros/catkin_ws/src/ardrone_command_test/CMakeFiles/CMakeTmp

Run Build Command:/usr/bin/make "cmTryCompileExec2043224408/fast"
/usr/bin/make -f CMakeFiles/cmTryCompileExec2043224408.dir/build.make CMakeFiles/cmTryCompileExec2043224408.dir/build
make[1]: Entering directory `/home/hewhosurvives/c++/randomProjects/ros/catkin_ws/src/ardrone_command_test/CMakeFiles/CMakeTmp'
/usr/bin/cmake -E cmake_progress_report /home/hewhosurvives/c++/randomProjects/ros/catkin_ws/src/ardrone_command_test/CMakeFiles/CMakeTmp/CMakeFiles 1
Building C object CMakeFiles/cmTryCompileExec2043224408.dir/CheckSymbolExists.c.o
/usr/bin/cc    -o CMakeFiles/cmTryCompileExec2043224408.dir/CheckSymbolExists.c.o   -c /home/hewhosurvives/c++/randomProjects/ros/catkin_ws/src/ardrone_command_test/CMakeFiles/CMakeTmp/CheckSymbolExists.c
Linking C executable cmTryCompileExec2043224408
/usr/bin/cmake -E cmake_link_script CMakeFiles/cmTryCompileExec2043224408.dir/link.txt --verbose=1
/usr/bin/cc       CMakeFiles/cmTryCompileExec2043224408.dir/CheckSymbolExists.c.o  -o cmTryCompileExec2043224408 -rdynamic 
CMakeFiles/cmTryCompileExec2043224408.dir/CheckSymbolExists.c.o: In function `main':
CheckSymbolExists.c:(.text+0x16): undefined reference to `pthread_create'
collect2: error: ld returned 1 exit status
make[1]: *** [cmTryCompileExec2043224408] Error 1
make[1]: Leaving directory `/home/hewhosurvives/c++/randomProjects/ros/catkin_ws/src/ardrone_command_test/CMakeFiles/CMakeTmp'
make: *** [cmTryCompileExec2043224408/fast] Error 2

File /home/hewhosurvives/c++/randomProjects/ros/catkin_ws/src/ardrone_command_test/CMakeFiles/CMakeTmp/CheckSymbolExists.c:
/* */
#include <pthread.h>

int main(int argc, char** argv)
{
  (void)argv;
#ifndef pthread_create
  return ((int*)(&pthread_create))[argc];
#else
  (void)argc;
  return 0;
#endif
}

Determining if the function pthread_create exists in the pthreads failed with the following output:
Change Dir: /home/hewhosurvives/c++/randomProjects/ros/catkin_ws/src/ardrone_command_test/CMakeFiles/CMakeTmp

Run Build Command:/usr/bin/make "cmTryCompileExec2178202793/fast"
/usr/bin/make -f CMakeFiles/cmTryCompileExec2178202793.dir/build.make CMakeFiles/cmTryCompileExec2178202793.dir/build
make[1]: Entering directory `/home/hewhosurvives/c++/randomProjects/ros/catkin_ws/src/ardrone_command_test/CMakeFiles/CMakeTmp'
/usr/bin/cmake -E cmake_progress_report /home/hewhosurvives/c++/randomProjects/ros/catkin_ws/src/ardrone_command_test/CMakeFiles/CMakeTmp/CMakeFiles 1
Building C object CMakeFiles/cmTryCompileExec2178202793.dir/CheckFunctionExists.c.o
/usr/bin/cc   -DCHECK_FUNCTION_EXISTS=pthread_create   -o CMakeFiles/cmTryCompileExec2178202793.dir/CheckFunctionExists.c.o   -c /usr/share/cmake-2.8/Modules/CheckFunctionExists.c
Linking C executable cmTryCompileExec2178202793
/usr/bin/cmake -E cmake_link_script CMakeFiles/cmTryCompileExec2178202793.dir/link.txt --verbose=1
/usr/bin/cc   -DCHECK_FUNCTION_EXISTS=pthread_create    CMakeFiles/cmTryCompileExec2178202793.dir/CheckFunctionExists.c.o  -o cmTryCompileExec2178202793 -rdynamic -lpthreads 
/usr/bin/ld: cannot find -lpthreads
collect2: error: ld returned 1 exit status
make[1]: *** [cmTryCompileExec2178202793] Error 1
make[1]: Leaving directory `/home/hewhosurvives/c++/randomProjects/ros/catkin_ws/src/ardrone_command_test/CMakeFiles/CMakeTmp'
make: *** [cmTryCompileExec2178202793/fast] Error 2


